Using pre-set license
Built from '2020.3/staging' branch; Version is '2020.3.14f1 (d0d1bb862f9d) revision 13685179'; Using compiler version '192528614'; Build Type 'Release'
OS: 'Windows 10 Pro; OS build 22000.466; Version 2009; 64bit' Language: 'en' Physical Memory: 24511 MB
BatchMode: 1, IsHumanControllingUs: 0, StartBugReporterOnCrash: 0, Is64bit: 1, IsPro: 0

 COMMAND LINE ARGUMENTS:
C:\Program Files\Unity\Hub\Editor\2020.3.14f1\Editor\Unity.exe
-adb2
-batchMode
-noUpm
-name
AssetImportWorker0
-projectPath
E:/Unity/Traffic Survive
-logFile
Logs/AssetImportWorker0.log
-srvPort
58440
Successfully changed project path to: E:/Unity/Traffic Survive
E:/Unity/Traffic Survive
Using Asset Import Pipeline V2.
Refreshing native plugins compatible for Editor in 21.05 ms, found 2 plugins.
Preloading 0 native plugins for Editor in 0.00 ms.
Initialize engine version: 2020.3.14f1 (d0d1bb862f9d)
[Subsystems] Discovering subsystems at path C:/Program Files/Unity/Hub/Editor/2020.3.14f1/Editor/Data/Resources/UnitySubsystems
[Subsystems] Discovering subsystems at path E:/Unity/Traffic Survive/Assets
GfxDevice: creating device client; threaded=0
Direct3D:
    Version:  Direct3D 11.0 [level 11.1]
    Renderer: NVIDIA GeForce GTX 1050 Ti (ID=0x1c82)
    Vendor:   
    VRAM:     4019 MB
    Driver:   30.0.14.9709
Initialize mono
Mono path[0] = 'C:/Program Files/Unity/Hub/Editor/2020.3.14f1/Editor/Data/Managed'
Mono path[1] = 'C:/Program Files/Unity/Hub/Editor/2020.3.14f1/Editor/Data/MonoBleedingEdge/lib/mono/unityjit'
Mono config path = 'C:/Program Files/Unity/Hub/Editor/2020.3.14f1/Editor/Data/MonoBleedingEdge/etc'
Using monoOptions --debugger-agent=transport=dt_socket,embedding=1,server=y,suspend=n,address=127.0.0.1:56244
Begin MonoManager ReloadAssembly
Registering precompiled unity dll's ...
Register platform support module: C:/Program Files/Unity/Hub/Editor/2020.3.14f1/Editor/Data/PlaybackEngines/WebGLSupport/UnityEditor.WebGL.Extensions.dll
Register platform support module: C:/Program Files/Unity/Hub/Editor/2020.3.14f1/Editor/Data/PlaybackEngines/MacStandaloneSupport/UnityEditor.OSXStandalone.Extensions.dll
Register platform support module: C:/Program Files/Unity/Hub/Editor/2020.3.14f1/Editor/Data/PlaybackEngines/WindowsStandaloneSupport/UnityEditor.WindowsStandalone.Extensions.dll
Register platform support module: C:/Program Files/Unity/Hub/Editor/2020.3.14f1/Editor/Data/PlaybackEngines/LinuxStandaloneSupport/UnityEditor.LinuxStandalone.Extensions.dll
Registered in 0.002327 seconds.
Native extension for LinuxStandalone target not found
Native extension for WindowsStandalone target not found
Native extension for OSXStandalone target not found
Native extension for WebGL target not found
Refreshing native plugins compatible for Editor in 20.08 ms, found 2 plugins.
Preloading 0 native plugins for Editor in 0.00 ms.
Mono: successfully reloaded assembly
- Completed reload, in  1.923 seconds
Domain Reload Profiling:
	ReloadAssembly (1923ms)
		BeginReloadAssembly (43ms)
			ExecutionOrderSort (0ms)
			DisableScriptedObjects (0ms)
			BackupInstance (0ms)
			ReleaseScriptingObjects (0ms)
			CreateAndSetChildDomain (1ms)
		EndReloadAssembly (341ms)
			LoadAssemblies (41ms)
			RebuildTransferFunctionScriptingTraits (0ms)
			SetupTypeCache (128ms)
			ReleaseScriptCaches (0ms)
			RebuildScriptCaches (26ms)
			SetupLoadedEditorAssemblies (127ms)
				LogAssemblyErrors (0ms)
				InitializePlatformSupportModulesInManaged (5ms)
				SetLoadedEditorAssemblies (0ms)
				RefreshPlugins (20ms)
				BeforeProcessingInitializeOnLoad (9ms)
				ProcessInitializeOnLoadAttributes (69ms)
				ProcessInitializeOnLoadMethodAttributes (24ms)
				AfterProcessingInitializeOnLoad (0ms)
				EditorAssembliesLoaded (0ms)
			ExecutionOrderSort2 (0ms)
			AwakeInstancesAfterBackupRestoration (0ms)
Platform modules already initialized, skipping
Registering precompiled user dll's ...
Registered in 0.002171 seconds.
Begin MonoManager ReloadAssembly
Native extension for LinuxStandalone target not found
Native extension for WindowsStandalone target not found
Native extension for OSXStandalone target not found
Native extension for WebGL target not found
Refreshing native plugins compatible for Editor in 0.30 ms, found 2 plugins.
Preloading 0 native plugins for Editor in 0.00 ms.
Mono: successfully reloaded assembly
- Completed reload, in  0.845 seconds
Domain Reload Profiling:
	ReloadAssembly (846ms)
		BeginReloadAssembly (118ms)
			ExecutionOrderSort (0ms)
			DisableScriptedObjects (4ms)
			BackupInstance (0ms)
			ReleaseScriptingObjects (0ms)
			CreateAndSetChildDomain (15ms)
		EndReloadAssembly (677ms)
			LoadAssemblies (68ms)
			RebuildTransferFunctionScriptingTraits (0ms)
			SetupTypeCache (225ms)
			ReleaseScriptCaches (0ms)
			RebuildScriptCaches (36ms)
			SetupLoadedEditorAssemblies (267ms)
				LogAssemblyErrors (0ms)
				InitializePlatformSupportModulesInManaged (7ms)
				SetLoadedEditorAssemblies (0ms)
				RefreshPlugins (0ms)
				BeforeProcessingInitializeOnLoad (94ms)
				ProcessInitializeOnLoadAttributes (156ms)
				ProcessInitializeOnLoadMethodAttributes (3ms)
				AfterProcessingInitializeOnLoad (5ms)
				EditorAssembliesLoaded (0ms)
			ExecutionOrderSort2 (0ms)
			AwakeInstancesAfterBackupRestoration (5ms)
Platform modules already initialized, skipping
========================================================================
Worker process is ready to serve import requests
Launched and connected shader compiler UnityShaderCompiler.exe after 0.04 seconds
Refreshing native plugins compatible for Editor in 0.25 ms, found 2 plugins.
Preloading 0 native plugins for Editor in 0.00 ms.
Unloading 1390 Unused Serialized files (Serialized files now loaded: 0)
System memory in use before: 64.8 MB.
System memory in use after: 64.8 MB.

Unloading 19 unused Assets to reduce memory usage. Loaded Objects now: 1823.
Total: 1.939300 ms (FindLiveObjects: 0.115900 ms CreateObjectMapping: 0.033800 ms MarkObjects: 1.724200 ms  DeleteObjects: 0.064700 ms)

AssetImportParameters requested are different than current active one (requested -> active):
  custom:framework-win-MediaFoundation: 216162199b28c13a410421893ffa2e32 -> 
  custom:video-decoder-ogg-theora: a1e56fd34408186e4bbccfd4996cb3dc -> 
  custom:container-muxer-webm: aa71ff27fc2769a1b78a27578f13a17b -> 
  custom:container-demuxer-webm: 4f35f7cbe854078d1ac9338744f61a02 -> 
  custom:container-demuxer-ogg: 62fdf1f143b41e24485cea50d1cbac27 -> 
  custom:video-encoder-webm-vp8: eb34c28f22e8b96e1ab97ce403110664 -> 
  custom:video-decoder-webm-vp8: 9c59270c3fd7afecdb556c50c9e8de78 -> 
  custom:audio-decoder-ogg-vorbis: bf7c407c2cedff20999df2af8eb42d56 -> 
  custom:audio-encoder-webm-vorbis: bf7c407c2cedff20999df2af8eb42d56 -> 
========================================================================
Received Import Request.
  path: Assets/_Scenes/SampleScene.unity
  artifactKey: Guid(9fc0d4010bbf28b4594072e72b8655ab) Importer(815301076,1909f56bfc062723c751e8b465ee728b)
Start importing Assets/_Scenes/SampleScene.unity using Guid(9fc0d4010bbf28b4594072e72b8655ab) Importer(815301076,1909f56bfc062723c751e8b465ee728b)  -> (artifact id: '85059f4f9e1a832ed95adaa0d25c5c4c') in 0.014077 seconds 
  Import took 0.015991 seconds .

========================================================================
Received Import Request.
  Time since last request: 1.850365 seconds.
  path: Assets/_Scenes/PlayScene.unity
  artifactKey: Guid(9fc0d4010bbf28b4594072e72b8655ab) Importer(815301076,1909f56bfc062723c751e8b465ee728b)
Start importing Assets/_Scenes/PlayScene.unity using Guid(9fc0d4010bbf28b4594072e72b8655ab) Importer(815301076,1909f56bfc062723c751e8b465ee728b)  -> (artifact id: '1c2522aac6091aeb9f8eaa03c317f8bb') in 0.011569 seconds 
  Import took 0.013719 seconds .

========================================================================
Received Import Request.
  Time since last request: 54.612408 seconds.
  path: Assets/Customizable Skybox/Stylized Sky/Materials/Sunset4.mat
  artifactKey: Guid(20f6d22d93779de4ea6f62f8ab305593) Importer(815301076,1909f56bfc062723c751e8b465ee728b)
Start importing Assets/Customizable Skybox/Stylized Sky/Materials/Sunset4.mat using Guid(20f6d22d93779de4ea6f62f8ab305593) Importer(815301076,1909f56bfc062723c751e8b465ee728b)  -> (artifact id: '0191f3b56995a9df79a045de081e2c62') in 0.098368 seconds 
  Import took 0.100409 seconds .

========================================================================
Received Import Request.
  Time since last request: 0.000242 seconds.
  path: Assets/Customizable Skybox/Materials/trunk.mat
  artifactKey: Guid(08c4b67273e724941900639ca93caabc) Importer(815301076,1909f56bfc062723c751e8b465ee728b)
Start importing Assets/Customizable Skybox/Materials/trunk.mat using Guid(08c4b67273e724941900639ca93caabc) Importer(815301076,1909f56bfc062723c751e8b465ee728b)  -> (artifact id: 'e1913185d059819058ad836c7c0a1156') in 0.199579 seconds 
  Import took 0.201269 seconds .

========================================================================
Received Import Request.
  Time since last request: 0.000239 seconds.
  path: Assets/Customizable Skybox/Stylized Sky/Materials/Night4.mat
  artifactKey: Guid(ed1387202b1349540a5d6464f0f27488) Importer(815301076,1909f56bfc062723c751e8b465ee728b)
Start importing Assets/Customizable Skybox/Stylized Sky/Materials/Night4.mat using Guid(ed1387202b1349540a5d6464f0f27488) Importer(815301076,1909f56bfc062723c751e8b465ee728b)  -> (artifact id: '3ddb7a270469af94e51b71c96538e9f6') in 0.011328 seconds 
  Import took 0.013150 seconds .

========================================================================
Received Import Request.
  Time since last request: 0.000236 seconds.
  path: Assets/Customizable Skybox/Stylized Sky/Materials/Sunset5.mat
  artifactKey: Guid(baef7505b9e48404cb74585601f49ff9) Importer(815301076,1909f56bfc062723c751e8b465ee728b)
Start importing Assets/Customizable Skybox/Stylized Sky/Materials/Sunset5.mat using Guid(baef7505b9e48404cb74585601f49ff9) Importer(815301076,1909f56bfc062723c751e8b465ee728b)  -> (artifact id: 'f77d9a7227c032867008729bcac2fd6d') in 0.010575 seconds 
  Import took 0.012311 seconds .

========================================================================
Received Import Request.
  Time since last request: 0.000242 seconds.
  path: Assets/Customizable Skybox/Stylized Sky/Materials/Night3.mat
  artifactKey: Guid(135a7036ca1a07b4e9e162d80e6b6e77) Importer(815301076,1909f56bfc062723c751e8b465ee728b)
Start importing Assets/Customizable Skybox/Stylized Sky/Materials/Night3.mat using Guid(135a7036ca1a07b4e9e162d80e6b6e77) Importer(815301076,1909f56bfc062723c751e8b465ee728b)  -> (artifact id: 'fe7c93416996a896536b8b32f9f2c9dd') in 0.010420 seconds 
  Import took 0.012139 seconds .

========================================================================
Received Import Request.
  Time since last request: 0.000255 seconds.
  path: Assets/Customizable Skybox/Stylized Sky/Materials/Sunset2.mat
  artifactKey: Guid(528363c5c1cf6a7458140c6851c77b68) Importer(815301076,1909f56bfc062723c751e8b465ee728b)
Start importing Assets/Customizable Skybox/Stylized Sky/Materials/Sunset2.mat using Guid(528363c5c1cf6a7458140c6851c77b68) Importer(815301076,1909f56bfc062723c751e8b465ee728b)  -> (artifact id: '2ab0025dbc613c34230cdda9e016e0ed') in 0.010202 seconds 
  Import took 0.011946 seconds .

========================================================================
Received Import Request.
  Time since last request: 0.000238 seconds.
  path: Assets/Customizable Skybox/Model/Materials/pine brown.mat
  artifactKey: Guid(23884aea9e628ee45a87314c9fd2483e) Importer(815301076,1909f56bfc062723c751e8b465ee728b)
Start importing Assets/Customizable Skybox/Model/Materials/pine brown.mat using Guid(23884aea9e628ee45a87314c9fd2483e) Importer(815301076,1909f56bfc062723c751e8b465ee728b)  -> (artifact id: '74cd274fa3e9b5002d41296180db1559') in 0.010670 seconds 
  Import took 0.012412 seconds .

========================================================================
Received Import Request.
  Time since last request: 0.000242 seconds.
  path: Assets/Customizable Skybox/Stylized Sky/Materials/Sunset3.mat
  artifactKey: Guid(7ed994c1997814049b44c36a823bba6c) Importer(815301076,1909f56bfc062723c751e8b465ee728b)
Start importing Assets/Customizable Skybox/Stylized Sky/Materials/Sunset3.mat using Guid(7ed994c1997814049b44c36a823bba6c) Importer(815301076,1909f56bfc062723c751e8b465ee728b)  -> (artifact id: '63d95374ba6a072900edaafb70fa526c') in 0.010696 seconds 
  Import took 0.012555 seconds .

========================================================================
Received Import Request.
  Time since last request: 0.000171 seconds.
  path: Assets/Customizable Skybox/Model/Materials/trunk.mat
  artifactKey: Guid(2b1bb1efbeb980540aa4164a74c61686) Importer(815301076,1909f56bfc062723c751e8b465ee728b)
Start importing Assets/Customizable Skybox/Model/Materials/trunk.mat using Guid(2b1bb1efbeb980540aa4164a74c61686) Importer(815301076,1909f56bfc062723c751e8b465ee728b)  -> (artifact id: 'c4bed6d960e9ebedcf7c2b4de8f8db27') in 0.011888 seconds 
  Import took 0.013898 seconds .

========================================================================
Received Import Request.
  Time since last request: 0.000270 seconds.
  path: Assets/Customizable Skybox/Model/Materials/No Name.mat
  artifactKey: Guid(9fe81213c48f6e944a8a30f76f30a9c7) Importer(815301076,1909f56bfc062723c751e8b465ee728b)
Start importing Assets/Customizable Skybox/Model/Materials/No Name.mat using Guid(9fe81213c48f6e944a8a30f76f30a9c7) Importer(815301076,1909f56bfc062723c751e8b465ee728b)  -> (artifact id: 'ba59d27bbb11777d1a15be378a60fa75') in 0.010958 seconds 
  Import took 0.013985 seconds .

========================================================================
Received Import Request.
  Time since last request: 0.000245 seconds.
  path: Assets/Customizable Skybox/Model/Materials/pine tree green.mat
  artifactKey: Guid(b67fe0ad79964244383e7633743fcc6b) Importer(815301076,1909f56bfc062723c751e8b465ee728b)
Start importing Assets/Customizable Skybox/Model/Materials/pine tree green.mat using Guid(b67fe0ad79964244383e7633743fcc6b) Importer(815301076,1909f56bfc062723c751e8b465ee728b)  -> (artifact id: 'c81a8f4d610000545b8e1e1aa79f5acc') in 0.015073 seconds 
  Import took 0.017214 seconds .

========================================================================
Received Import Request.
  Time since last request: 0.000256 seconds.
  path: Assets/Customizable Skybox/Stylized Sky/Materials/Sunset1.mat
  artifactKey: Guid(2441c79940171dc43b33badf9fe97828) Importer(815301076,1909f56bfc062723c751e8b465ee728b)
Start importing Assets/Customizable Skybox/Stylized Sky/Materials/Sunset1.mat using Guid(2441c79940171dc43b33badf9fe97828) Importer(815301076,1909f56bfc062723c751e8b465ee728b)  -> (artifact id: 'a1b42e0e6854bc21ca7f8b2f9e51db29') in 0.016954 seconds 
  Import took 0.019188 seconds .

========================================================================
Received Import Request.
  Time since last request: 0.000201 seconds.
  path: Assets/Customizable Skybox/Materials/pine tree green.mat
  artifactKey: Guid(471bbc61de2af0a47bd80da0aacc49dc) Importer(815301076,1909f56bfc062723c751e8b465ee728b)
Start importing Assets/Customizable Skybox/Materials/pine tree green.mat using Guid(471bbc61de2af0a47bd80da0aacc49dc) Importer(815301076,1909f56bfc062723c751e8b465ee728b)  -> (artifact id: '4c8ce16c7f4412ba89b9c3562cc0a4a5') in 0.017762 seconds 
  Import took 0.020554 seconds .

========================================================================
Received Import Request.
  Time since last request: 0.000279 seconds.
  path: Assets/Customizable Skybox/Materials/No Name.mat
  artifactKey: Guid(36624e9898987d34da7dcc3c01a72523) Importer(815301076,1909f56bfc062723c751e8b465ee728b)
Start importing Assets/Customizable Skybox/Materials/No Name.mat using Guid(36624e9898987d34da7dcc3c01a72523) Importer(815301076,1909f56bfc062723c751e8b465ee728b)  -> (artifact id: 'b8be4a30bd886daef64ec28f14a969bd') in 0.009572 seconds 
  Import took 0.011787 seconds .

========================================================================
Received Import Request.
  Time since last request: 13.439202 seconds.
  path: Assets/Customizable Skybox/Stylized Sky/Materials/Morning2.mat
  artifactKey: Guid(5464c15ff9c6ca04cb5790c1773e76fa) Importer(815301076,1909f56bfc062723c751e8b465ee728b)
Start importing Assets/Customizable Skybox/Stylized Sky/Materials/Morning2.mat using Guid(5464c15ff9c6ca04cb5790c1773e76fa) Importer(815301076,1909f56bfc062723c751e8b465ee728b)  -> (artifact id: '5ccf461bb38fc74c7f8d7b0c2b424ea8') in 0.012679 seconds 
  Import took 0.014788 seconds .

========================================================================
Received Import Request.
  Time since last request: 0.000238 seconds.
  path: Assets/Customizable Skybox/Stylized Sky/Materials/Night2.mat
  artifactKey: Guid(52fcefd712182d743a781fde12426775) Importer(815301076,1909f56bfc062723c751e8b465ee728b)
Start importing Assets/Customizable Skybox/Stylized Sky/Materials/Night2.mat using Guid(52fcefd712182d743a781fde12426775) Importer(815301076,1909f56bfc062723c751e8b465ee728b)  -> (artifact id: '5d84298a474190e91c7eecbcf439fee4') in 0.011075 seconds 
  Import took 0.012986 seconds .

========================================================================
Received Import Request.
  Time since last request: 0.000346 seconds.
  path: Assets/Customizable Skybox/Stylized Sky/Materials/Night1.mat
  artifactKey: Guid(bbe9494f815f3c340956427c884b72a0) Importer(815301076,1909f56bfc062723c751e8b465ee728b)
Start importing Assets/Customizable Skybox/Stylized Sky/Materials/Night1.mat using Guid(bbe9494f815f3c340956427c884b72a0) Importer(815301076,1909f56bfc062723c751e8b465ee728b)  -> (artifact id: 'f6e2f4a97b46160232e8bcaa823e9cda') in 0.012719 seconds 
  Import took 0.014968 seconds .

========================================================================
Received Import Request.
  Time since last request: 0.000212 seconds.
  path: Assets/Customizable Skybox/Stylized Sky/Materials/Morning3.mat
  artifactKey: Guid(022e71752654d3f4fa0cbe71b312ad20) Importer(815301076,1909f56bfc062723c751e8b465ee728b)
Start importing Assets/Customizable Skybox/Stylized Sky/Materials/Morning3.mat using Guid(022e71752654d3f4fa0cbe71b312ad20) Importer(815301076,1909f56bfc062723c751e8b465ee728b)  -> (artifact id: 'fc348c5e9e6aa515ec5e0ea2670c6740') in 0.011477 seconds 
  Import took 0.013424 seconds .

========================================================================
Received Import Request.
  Time since last request: 0.000181 seconds.
  path: Assets/Customizable Skybox/Model/Materials/green tree.mat
  artifactKey: Guid(c856162727dc18842bc191504f727456) Importer(815301076,1909f56bfc062723c751e8b465ee728b)
Start importing Assets/Customizable Skybox/Model/Materials/green tree.mat using Guid(c856162727dc18842bc191504f727456) Importer(815301076,1909f56bfc062723c751e8b465ee728b)  -> (artifact id: '860b09c6b751ed0d96e562dd5b09ece9') in 0.011598 seconds 
  Import took 0.013523 seconds .

========================================================================
Received Import Request.
  Time since last request: 0.000216 seconds.
  path: Assets/Customizable Skybox/Stylized Sky/Materials/Morning1.mat
  artifactKey: Guid(8fc56946a1b593c4d8e3e0e94483338e) Importer(815301076,1909f56bfc062723c751e8b465ee728b)
Start importing Assets/Customizable Skybox/Stylized Sky/Materials/Morning1.mat using Guid(8fc56946a1b593c4d8e3e0e94483338e) Importer(815301076,1909f56bfc062723c751e8b465ee728b)  -> (artifact id: '59400c7675528154cc1fbddd09d1dd56') in 0.018191 seconds 
  Import took 0.020187 seconds .

========================================================================
Received Import Request.
  Time since last request: 0.000260 seconds.
  path: Assets/Customizable Skybox/Materials/Material.003.mat
  artifactKey: Guid(a4b1c9205184ab7479ebcb6d01e9bdaa) Importer(815301076,1909f56bfc062723c751e8b465ee728b)
Start importing Assets/Customizable Skybox/Materials/Material.003.mat using Guid(a4b1c9205184ab7479ebcb6d01e9bdaa) Importer(815301076,1909f56bfc062723c751e8b465ee728b)  -> (artifact id: '527ce961f99520ab9d9121c3b97fec9c') in 0.011409 seconds 
  Import took 0.013809 seconds .

========================================================================
Received Import Request.
  Time since last request: 0.000208 seconds.
  path: Assets/Customizable Skybox/Model/Materials/Material.003.mat
  artifactKey: Guid(0b82edc333f454f4fab3b93e8ececd1a) Importer(815301076,1909f56bfc062723c751e8b465ee728b)
Start importing Assets/Customizable Skybox/Model/Materials/Material.003.mat using Guid(0b82edc333f454f4fab3b93e8ececd1a) Importer(815301076,1909f56bfc062723c751e8b465ee728b)  -> (artifact id: '2a2cf0aeb5ddd2c90f89396f9d794a89') in 0.012859 seconds 
  Import took 0.014909 seconds .

========================================================================
Received Import Request.
  Time since last request: 0.000191 seconds.
  path: Assets/Customizable Skybox/Materials/green tree.mat
  artifactKey: Guid(162ad232b242eb042b91b10dc755c486) Importer(815301076,1909f56bfc062723c751e8b465ee728b)
Start importing Assets/Customizable Skybox/Materials/green tree.mat using Guid(162ad232b242eb042b91b10dc755c486) Importer(815301076,1909f56bfc062723c751e8b465ee728b)  -> (artifact id: '4c2eb93ac6e49b1fab9a7f990b65b3db') in 0.014573 seconds 
  Import took 0.016746 seconds .

========================================================================
Received Import Request.
  Time since last request: 0.000189 seconds.
  path: Assets/Customizable Skybox/Stylized Sky/Materials/Morning4.mat
  artifactKey: Guid(c7a8e24b01cf73e4bad6eb3cb7d40acc) Importer(815301076,1909f56bfc062723c751e8b465ee728b)
Start importing Assets/Customizable Skybox/Stylized Sky/Materials/Morning4.mat using Guid(c7a8e24b01cf73e4bad6eb3cb7d40acc) Importer(815301076,1909f56bfc062723c751e8b465ee728b)  -> (artifact id: '0206e34bf43e088083c4feef41bd0ce6') in 0.013762 seconds 
  Import took 0.016005 seconds .

========================================================================
Received Import Request.
  Time since last request: 0.605772 seconds.
  path: Assets/Customizable Skybox/Stylized Sky/Materials/Day5.mat
  artifactKey: Guid(6225fa8890cf025489e57d3aa1d87260) Importer(815301076,1909f56bfc062723c751e8b465ee728b)
Start importing Assets/Customizable Skybox/Stylized Sky/Materials/Day5.mat using Guid(6225fa8890cf025489e57d3aa1d87260) Importer(815301076,1909f56bfc062723c751e8b465ee728b)  -> (artifact id: '2fa25bb7296944db966b7187d8ce79d5') in 0.011858 seconds 
  Import took 0.013821 seconds .

========================================================================
Received Import Request.
  Time since last request: 0.000203 seconds.
  path: Assets/Customizable Skybox/Stylized Sky/Materials/Day6.mat
  artifactKey: Guid(bbbcd551076325545ba102ba8c308520) Importer(815301076,1909f56bfc062723c751e8b465ee728b)
Start importing Assets/Customizable Skybox/Stylized Sky/Materials/Day6.mat using Guid(bbbcd551076325545ba102ba8c308520) Importer(815301076,1909f56bfc062723c751e8b465ee728b)  -> (artifact id: 'bc2eb939d4f838d92f5bef12af813267') in 0.010643 seconds 
  Import took 0.012842 seconds .

========================================================================
Received Import Request.
  Time since last request: 0.000299 seconds.
  path: Assets/Customizable Skybox/Materials/earth.mat
  artifactKey: Guid(ef6223db6cd2fd94481bcb5ce352cc30) Importer(815301076,1909f56bfc062723c751e8b465ee728b)
Start importing Assets/Customizable Skybox/Materials/earth.mat using Guid(ef6223db6cd2fd94481bcb5ce352cc30) Importer(815301076,1909f56bfc062723c751e8b465ee728b)  -> (artifact id: 'ca3010e4fe4b7100ebd905837455ecbd') in 0.023668 seconds 
  Import took 0.025833 seconds .

========================================================================
Received Import Request.
  Time since last request: 0.000187 seconds.
  path: Assets/Customizable Skybox/Stylized Sky/Materials/Day4.mat
  artifactKey: Guid(5c57bb9da366e944a8f4ae9be4f413ec) Importer(815301076,1909f56bfc062723c751e8b465ee728b)
Start importing Assets/Customizable Skybox/Stylized Sky/Materials/Day4.mat using Guid(5c57bb9da366e944a8f4ae9be4f413ec) Importer(815301076,1909f56bfc062723c751e8b465ee728b)  -> (artifact id: 'f26507ddb67eeca318a5d98e186fc5a4') in 0.010715 seconds 
  Import took 0.012608 seconds .

========================================================================
Received Import Request.
  Time since last request: 0.000205 seconds.
  path: Assets/Customizable Skybox/Stylized Sky/Materials/Day1.mat
  artifactKey: Guid(9aa8ed67591432941bb76f12eb23ff91) Importer(815301076,1909f56bfc062723c751e8b465ee728b)
Start importing Assets/Customizable Skybox/Stylized Sky/Materials/Day1.mat using Guid(9aa8ed67591432941bb76f12eb23ff91) Importer(815301076,1909f56bfc062723c751e8b465ee728b)  -> (artifact id: 'd062a59c20e56910be9988683cca3009') in 0.015629 seconds 
  Import took 0.017846 seconds .

========================================================================
Received Import Request.
  Time since last request: 0.000302 seconds.
  path: Assets/Customizable Skybox/Model/Materials/earth.mat
  artifactKey: Guid(9d1ca55e2263fd54589900465f90d06e) Importer(815301076,1909f56bfc062723c751e8b465ee728b)
Start importing Assets/Customizable Skybox/Model/Materials/earth.mat using Guid(9d1ca55e2263fd54589900465f90d06e) Importer(815301076,1909f56bfc062723c751e8b465ee728b)  -> (artifact id: 'd96b9bebca6c44d386dade6e27951101') in 0.010769 seconds 
  Import took 0.012710 seconds .

========================================================================
Received Import Request.
  Time since last request: 0.000155 seconds.
  path: Assets/Customizable Skybox/Model/Materials/dark trunk.mat
  artifactKey: Guid(b50f1c4e199dc3b47b56b0880d757857) Importer(815301076,1909f56bfc062723c751e8b465ee728b)
Start importing Assets/Customizable Skybox/Model/Materials/dark trunk.mat using Guid(b50f1c4e199dc3b47b56b0880d757857) Importer(815301076,1909f56bfc062723c751e8b465ee728b)  -> (artifact id: '933ae516d1d5ca21929af9064aa1c4e8') in 0.013975 seconds 
  Import took 0.015872 seconds .

========================================================================
Received Import Request.
  Time since last request: 0.000198 seconds.
  path: Assets/Customizable Skybox/Materials/Clouds.mat
  artifactKey: Guid(b2fcea6c7d9dbab4ca781825705d50be) Importer(815301076,1909f56bfc062723c751e8b465ee728b)
Start importing Assets/Customizable Skybox/Materials/Clouds.mat using Guid(b2fcea6c7d9dbab4ca781825705d50be) Importer(815301076,1909f56bfc062723c751e8b465ee728b)  -> (artifact id: 'f7c7c9b6e6b6909d162adf12525cd682') in 0.011191 seconds 
  Import took 0.013107 seconds .

========================================================================
Received Import Request.
  Time since last request: 0.000153 seconds.
  path: Assets/Customizable Skybox/Materials/darken leafs.mat
  artifactKey: Guid(3020cfb028abb6c4f977e1db1f72bef5) Importer(815301076,1909f56bfc062723c751e8b465ee728b)
Start importing Assets/Customizable Skybox/Materials/darken leafs.mat using Guid(3020cfb028abb6c4f977e1db1f72bef5) Importer(815301076,1909f56bfc062723c751e8b465ee728b)  -> (artifact id: '3d0b1a1a6cfdc3594878a2ea10664dc6') in 0.020187 seconds 
  Import took 0.022392 seconds .

========================================================================
Received Import Request.
  Time since last request: 0.000288 seconds.
  path: Assets/Customizable Skybox/Materials/dark trunk.mat
  artifactKey: Guid(7c7f7e923f30d8b4193dfc9a7eb33ea9) Importer(815301076,1909f56bfc062723c751e8b465ee728b)
Start importing Assets/Customizable Skybox/Materials/dark trunk.mat using Guid(7c7f7e923f30d8b4193dfc9a7eb33ea9) Importer(815301076,1909f56bfc062723c751e8b465ee728b)  -> (artifact id: '979b25ce347160aeea10a5a5f2c75154') in 0.012131 seconds 
  Import took 0.014131 seconds .

========================================================================
Received Import Request.
  Time since last request: 0.000202 seconds.
  path: Assets/Customizable Skybox/Stylized Sky/Materials/Day2.mat
  artifactKey: Guid(5c80d49013691df48ac94280337e88ce) Importer(815301076,1909f56bfc062723c751e8b465ee728b)
Start importing Assets/Customizable Skybox/Stylized Sky/Materials/Day2.mat using Guid(5c80d49013691df48ac94280337e88ce) Importer(815301076,1909f56bfc062723c751e8b465ee728b)  -> (artifact id: '820702cec6c7288dc78eb85de6910cbc') in 0.010504 seconds 
  Import took 0.013315 seconds .

========================================================================
Received Import Request.
  Time since last request: 0.000184 seconds.
  path: Assets/Customizable Skybox/Stylized Sky/Materials/Day7.mat
  artifactKey: Guid(ddbcbb3899687ea469ed4a5fce1532df) Importer(815301076,1909f56bfc062723c751e8b465ee728b)
Start importing Assets/Customizable Skybox/Stylized Sky/Materials/Day7.mat using Guid(ddbcbb3899687ea469ed4a5fce1532df) Importer(815301076,1909f56bfc062723c751e8b465ee728b)  -> (artifact id: '9773ba2fbd450cc935b24c30e8cba4b6') in 0.011152 seconds 
  Import took 0.013198 seconds .

========================================================================
Received Import Request.
  Time since last request: 0.000293 seconds.
  path: Assets/Customizable Skybox/Stylized Sky/Materials/Day3.mat
  artifactKey: Guid(56113b3b655ab7349bab4d7d405c258a) Importer(815301076,1909f56bfc062723c751e8b465ee728b)
Start importing Assets/Customizable Skybox/Stylized Sky/Materials/Day3.mat using Guid(56113b3b655ab7349bab4d7d405c258a) Importer(815301076,1909f56bfc062723c751e8b465ee728b)  -> (artifact id: 'c59edf9b63e4d463db3b268bd32bcce2') in 0.011048 seconds 
  Import took 0.013026 seconds .

========================================================================
Received Import Request.
  Time since last request: 0.000206 seconds.
  path: Assets/Customizable Skybox/Model/Materials/darken leafs.mat
  artifactKey: Guid(d35ea29c48c3e1944a4f03cab15e36c2) Importer(815301076,1909f56bfc062723c751e8b465ee728b)
Start importing Assets/Customizable Skybox/Model/Materials/darken leafs.mat using Guid(d35ea29c48c3e1944a4f03cab15e36c2) Importer(815301076,1909f56bfc062723c751e8b465ee728b)  -> (artifact id: '69fd1a4804a6a680b7d587df7a258b0c') in 0.010453 seconds 
  Import took 0.012331 seconds .

========================================================================
Received Import Request.
  Time since last request: 343.928131 seconds.
  path: Assets/Toon Gas Station/Scenes
  artifactKey: Guid(d1f170c62ae5e3b43a8e45acaf19d49a) Importer(815301076,1909f56bfc062723c751e8b465ee728b)
Start importing Assets/Toon Gas Station/Scenes using Guid(d1f170c62ae5e3b43a8e45acaf19d49a) Importer(815301076,1909f56bfc062723c751e8b465ee728b)  -> (artifact id: 'e85df28285bfb8446f34e8a3eabc1251') in 0.008816 seconds 
  Import took 0.011232 seconds .

========================================================================
Received Import Request.
  Time since last request: 0.000807 seconds.
  path: Assets/Toon Gas Station/Scenes
  artifactKey: Guid(d1f170c62ae5e3b43a8e45acaf19d49a) Importer(815301076,1909f56bfc062723c751e8b465ee728b)
Start importing Assets/Toon Gas Station/Scenes using Guid(d1f170c62ae5e3b43a8e45acaf19d49a) Importer(815301076,1909f56bfc062723c751e8b465ee728b)  -> (artifact id: 'e85df28285bfb8446f34e8a3eabc1251') in 0.002089 seconds 
  Import took 0.004233 seconds .

========================================================================
Received Import Request.
  Time since last request: 0.692325 seconds.
  path: Assets/Toon Gas Station/Scenes/Demo_Scene_1.unity
  artifactKey: Guid(40ef6e60490d68541971945758777f58) Importer(815301076,1909f56bfc062723c751e8b465ee728b)
Start importing Assets/Toon Gas Station/Scenes/Demo_Scene_1.unity using Guid(40ef6e60490d68541971945758777f58) Importer(815301076,1909f56bfc062723c751e8b465ee728b)  -> (artifact id: '3d48f7c0291be3be37e607d2c6576c6c') in 0.006155 seconds 
  Import took 0.008148 seconds .

========================================================================
Received Import Request.
  Time since last request: 25.093691 seconds.
  path: Assets/_Script
  artifactKey: Guid(ca05b8d4980f30d49b0205097db8780e) Importer(815301076,1909f56bfc062723c751e8b465ee728b)
Start importing Assets/_Script using Guid(ca05b8d4980f30d49b0205097db8780e) Importer(815301076,1909f56bfc062723c751e8b465ee728b)  -> (artifact id: 'ade7f278252813caa667dfa430662cd1') in 0.005684 seconds 
  Import took 0.007843 seconds .

========================================================================
Received Import Request.
  Time since last request: 5.489067 seconds.
  path: Assets/_Material
  artifactKey: Guid(cdd0d2f59d3cae9488dc7ea65d4c273a) Importer(815301076,1909f56bfc062723c751e8b465ee728b)
Start importing Assets/_Material using Guid(cdd0d2f59d3cae9488dc7ea65d4c273a) Importer(815301076,1909f56bfc062723c751e8b465ee728b)  -> (artifact id: 'd8cf1b737f82d4b497a892844f379026') in 0.006366 seconds 
  Import took 0.008479 seconds .

========================================================================
Received Import Request.
  Time since last request: 7.955209 seconds.
  path: Assets/_Prefab
  artifactKey: Guid(fc815a4e88dc2594e94c37639cf5678d) Importer(815301076,1909f56bfc062723c751e8b465ee728b)
Start importing Assets/_Prefab using Guid(fc815a4e88dc2594e94c37639cf5678d) Importer(815301076,1909f56bfc062723c751e8b465ee728b)  -> (artifact id: 'fe2cb02d65cab637904f3f26697bd16c') in 0.006328 seconds 
  Import took 0.008289 seconds .

AssetImportWorkerClient::OnTransportError - code=2 error=End of file
